<?xml version="1.0" encoding="UTF-8"?>
<!-- Generated by org.testng.reporters.JUnitXMLReporter -->
<testsuite hostname="ech-0A9D805B" ignored="0" name="Sign In Validation" tests="10" failures="2" timestamp="13 Mar 2017 15:23:33 GMT" time="111.624" errors="0">
  <testcase name="enterInvalidEmail" time="0.991" classname="com.pageObjects.SignUp.test.SignUpTest"/>
  <testcase name="enterInvalidEmail" time="15.845" classname="com.pageObjects.SignUp.test.SignUpTest">
    <failure type="java.lang.AssertionError" message="expected [Invalid email address.] but found [ ]">
      <![CDATA[java.lang.AssertionError: expected [Invalid email address.] but found [ ]
	at com.pageObjects.SignUp.test.SignUpTest.enterInvalidEmail(SignUpTest.java:31)
... Removed 31 stack frames]]>
    </failure>
  </testcase> <!-- enterInvalidEmail -->
  <testcase name="enterInvalidEmail" time="1.066" classname="com.pageObjects.SignUp.test.SignUpTest"/>
  <testcase name="enterInvalidEmail" time="1.998" classname="com.pageObjects.SignUp.test.SignUpTest"/>
  <testcase name="enterInvalidEmail" time="15.853" classname="com.pageObjects.SignUp.test.SignUpTest">
    <failure type="java.lang.AssertionError" message="expected [Invalid email address.] but found [ ]">
      <![CDATA[java.lang.AssertionError: expected [Invalid email address.] but found [ ]
	at com.pageObjects.SignUp.test.SignUpTest.enterInvalidEmail(SignUpTest.java:31)
... Removed 31 stack frames]]>
    </failure>
  </testcase> <!-- enterInvalidEmail -->
  <testcase name="enterValidEmail" time="1.504" classname="com.pageObjects.SignUp.test.SignUpTest"/>
  <testcase name="enterValidEmail" time="2.574" classname="com.pageObjects.SignUp.test.SignUpTest"/>
  <testcase name="enterValidEmail" time="1.474" classname="com.pageObjects.SignUp.test.SignUpTest"/>
  <testcase name="enterValidEmail" time="2.113" classname="com.pageObjects.SignUp.test.SignUpTest"/>
  <testcase name="enterValidEmail" time="1.495" classname="com.pageObjects.SignUp.test.SignUpTest"/>
</testsuite> <!-- Sign In Validation -->
