<?xml version="1.0" encoding="UTF-8"?>
<!-- Generated by org.testng.reporters.JUnitXMLReporter -->
<testsuite hostname="ech-0A9D805B" ignored="0" name="Default test" tests="9" failures="1" timestamp="12 Mar 2017 16:41:05 GMT" time="87.922" errors="0">
  <testcase name="enterInvalidEmail" time="0.965" classname="com.pageObjects.SignUp.test.SignUpTest"/>
  <testcase name="enterInvalidEmail" time="15.405" classname="com.pageObjects.SignUp.test.SignUpTest">
    <failure type="java.lang.AssertionError" message="expected [Invalid email address.] but found [ ]">
      <![CDATA[java.lang.AssertionError: expected [Invalid email address.] but found [ ]
	at com.pageObjects.SignUp.test.SignUpTest.enterInvalidEmail(SignUpTest.java:33)
... Removed 31 stack frames]]>
    </failure>
  </testcase> <!-- enterInvalidEmail -->
  <testcase name="enterInvalidEmail" time="0.945" classname="com.pageObjects.SignUp.test.SignUpTest"/>
  <testcase name="enterInvalidEmail" time="0.974" classname="com.pageObjects.SignUp.test.SignUpTest"/>
  <testcase name="enterValidEmail" time="1.434" classname="com.pageObjects.SignUp.test.SignUpTest"/>
  <testcase name="enterValidEmail" time="2.316" classname="com.pageObjects.SignUp.test.SignUpTest"/>
  <testcase name="enterValidEmail" time="1.47" classname="com.pageObjects.SignUp.test.SignUpTest"/>
  <testcase name="enterValidEmail" time="1.432" classname="com.pageObjects.SignUp.test.SignUpTest"/>
  <testcase name="enterValidEmail" time="1.491" classname="com.pageObjects.SignUp.test.SignUpTest"/>
</testsuite> <!-- Default test -->
