<?xml version="1.0" encoding="UTF-8"?>
<!-- Generated by org.testng.reporters.JUnitXMLReporter -->
<testsuite hostname="ech-0A9D805B" ignored="2" name="Create Account Validation" tests="1" failures="0" timestamp="13 Mar 2017 19:35:56 GMT" time="10.495" errors="0">
  <testcase name="validateFistName" time="3.414" classname="com.pageObjects.CreateNewAccount.test.CreateNewAccountTest"/>
  <testcase name="validateGender" time="0.0" classname="com.pageObjects.CreateNewAccount.test.CreateNewAccountTest">
    <ignored/>
  </testcase> <!-- validateGender -->
  <testcase name="selectGender" time="0.0" classname="com.pageObjects.CreateNewAccount.test.CreateNewAccountTest">
    <ignored/>
  </testcase> <!-- selectGender -->
</testsuite> <!-- Create Account Validation -->
