<?xml version="1.0" encoding="UTF-8"?>
<!-- Generated by org.testng.reporters.JUnitXMLReporter -->
<testsuite hostname="ech-0A9D805B" ignored="0" name="Create Account Validation" tests="3" failures="0" timestamp="12 Mar 2017 21:11:23 GMT" time="26.433" errors="0">
  <testcase name="validateGender" time="1.57" classname="com.pageObjects.CreateNewAccount.test.CreateNewAccountTest"/>
  <testcase name="selectGender" time="2.076" classname="com.pageObjects.CreateNewAccount.test.CreateNewAccountTest"/>
  <testcase name="selectGender" time="1.522" classname="com.pageObjects.CreateNewAccount.test.CreateNewAccountTest"/>
</testsuite> <!-- Create Account Validation -->
