<?xml version="1.0" encoding="UTF-8"?>
<testng-results skipped="0" failed="0" ignored="2" total="3" passed="1">
  <reporter-output>
    <line>
      <![CDATA[PASSED - validateFistName]]>
    </line>
  </reporter-output>
  <suite name="Account suite" duration-ms="10495" started-at="2017-03-13T19:35:45Z" finished-at="2017-03-13T19:35:56Z">
    <groups>
    </groups>
    <test name="Create Account Validation" duration-ms="10495" started-at="2017-03-13T19:35:45Z" finished-at="2017-03-13T19:35:56Z">
      <class name="com.pageObjects.CreateNewAccount.test.CreateNewAccountTest">
        <test-method status="PASS" signature="setUp(java.lang.String)[pri:0, instance:com.pageObjects.CreateNewAccount.test.CreateNewAccountTest@10db82ae]" name="setUp" is-config="true" duration-ms="6134" started-at="2017-03-13T14:35:45Z" finished-at="2017-03-13T14:35:51Z">
          <params>
            <param index="0">
              <value>
                <![CDATA[chrome]]>
              </value>
            </param>
          </params>
          <reporter-output>
          </reporter-output>
        </test-method> <!-- setUp -->
        <test-method status="PASS" signature="validateFistName(java.lang.String)[pri:3, instance:com.pageObjects.CreateNewAccount.test.CreateNewAccountTest@10db82ae]" name="validateFistName" duration-ms="3414" started-at="2017-03-13T14:35:51Z" data-provider="invalidFirstName" finished-at="2017-03-13T14:35:55Z">
          <params>
            <param index="0">
              <value>
                <![CDATA[michelle@google.com]]>
              </value>
            </param>
          </params>
          <reporter-output>
            <line>
              <![CDATA[PASSED - validateFistName]]>
            </line>
          </reporter-output>
        </test-method> <!-- validateFistName -->
        <test-method status="PASS" signature="tearDown()[pri:0, instance:com.pageObjects.CreateNewAccount.test.CreateNewAccountTest@10db82ae]" name="tearDown" is-config="true" duration-ms="916" started-at="2017-03-13T14:35:55Z" finished-at="2017-03-13T14:35:56Z">
          <reporter-output>
          </reporter-output>
        </test-method> <!-- tearDown -->
      </class> <!-- com.pageObjects.CreateNewAccount.test.CreateNewAccountTest -->
    </test> <!-- Create Account Validation -->
  </suite> <!-- Account suite -->
</testng-results>
