<?xml version="1.0" encoding="UTF-8"?>
<testng-results skipped="0" failed="0" ignored="0" total="3" passed="3">
  <reporter-output>
  </reporter-output>
  <suite name="Account suite" duration-ms="26433" started-at="2017-03-12T21:10:56Z" finished-at="2017-03-12T21:11:23Z">
    <groups>
    </groups>
    <test name="Create Account Validation" duration-ms="26433" started-at="2017-03-12T21:10:56Z" finished-at="2017-03-12T21:11:23Z">
      <class name="com.pageObjects.CreateNewAccount.test.CreateNewAccountTest">
        <test-method status="PASS" signature="setUp(java.lang.String)[pri:0, instance:com.pageObjects.CreateNewAccount.test.CreateNewAccountTest@290d210d]" name="setUp" is-config="true" duration-ms="7312" started-at="2017-03-12T16:10:56Z" finished-at="2017-03-12T16:11:04Z">
          <params>
            <param index="0">
              <value>
                <![CDATA[chrome]]>
              </value>
            </param>
          </params>
          <reporter-output>
          </reporter-output>
        </test-method> <!-- setUp -->
        <test-method status="PASS" signature="validateGender(java.lang.String)[pri:1, instance:com.pageObjects.CreateNewAccount.test.CreateNewAccountTest@290d210d]" name="validateGender" duration-ms="1570" started-at="2017-03-12T16:11:04Z" data-provider="ValidateGender" finished-at="2017-03-12T16:11:05Z">
          <params>
            <param index="0">
              <value>
                <![CDATA[matheus@microsoft.com]]>
              </value>
            </param>
          </params>
          <reporter-output>
          </reporter-output>
        </test-method> <!-- validateGender -->
        <test-method status="PASS" signature="tearDown()[pri:0, instance:com.pageObjects.CreateNewAccount.test.CreateNewAccountTest@290d210d]" name="tearDown" is-config="true" duration-ms="823" started-at="2017-03-12T16:11:05Z" finished-at="2017-03-12T16:11:06Z">
          <reporter-output>
          </reporter-output>
        </test-method> <!-- tearDown -->
        <test-method status="PASS" signature="setUp(java.lang.String)[pri:0, instance:com.pageObjects.CreateNewAccount.test.CreateNewAccountTest@290d210d]" name="setUp" is-config="true" duration-ms="5585" started-at="2017-03-12T16:11:06Z" finished-at="2017-03-12T16:11:12Z">
          <params>
            <param index="0">
              <value>
                <![CDATA[chrome]]>
              </value>
            </param>
          </params>
          <reporter-output>
          </reporter-output>
        </test-method> <!-- setUp -->
        <test-method status="PASS" signature="selectGender(java.lang.String, java.lang.String)[pri:2, instance:com.pageObjects.CreateNewAccount.test.CreateNewAccountTest@290d210d]" name="selectGender" duration-ms="2076" started-at="2017-03-12T16:11:12Z" data-provider="selectGender" finished-at="2017-03-12T16:11:14Z">
          <params>
            <param index="0">
              <value>
                <![CDATA[jose@uol.com.br]]>
              </value>
            </param>
            <param index="1">
              <value>
                <![CDATA[m]]>
              </value>
            </param>
          </params>
          <reporter-output>
          </reporter-output>
        </test-method> <!-- selectGender -->
        <test-method status="PASS" signature="tearDown()[pri:0, instance:com.pageObjects.CreateNewAccount.test.CreateNewAccountTest@290d210d]" name="tearDown" is-config="true" duration-ms="961" started-at="2017-03-12T16:11:14Z" finished-at="2017-03-12T16:11:15Z">
          <reporter-output>
          </reporter-output>
        </test-method> <!-- tearDown -->
        <test-method status="PASS" signature="setUp(java.lang.String)[pri:0, instance:com.pageObjects.CreateNewAccount.test.CreateNewAccountTest@290d210d]" name="setUp" is-config="true" duration-ms="5819" started-at="2017-03-12T16:11:15Z" finished-at="2017-03-12T16:11:20Z">
          <params>
            <param index="0">
              <value>
                <![CDATA[chrome]]>
              </value>
            </param>
          </params>
          <reporter-output>
          </reporter-output>
        </test-method> <!-- setUp -->
        <test-method status="PASS" signature="selectGender(java.lang.String, java.lang.String)[pri:2, instance:com.pageObjects.CreateNewAccount.test.CreateNewAccountTest@290d210d]" name="selectGender" duration-ms="1522" started-at="2017-03-12T16:11:20Z" data-provider="selectGender" finished-at="2017-03-12T16:11:22Z">
          <params>
            <param index="0">
              <value>
                <![CDATA[marcio@uol.com]]>
              </value>
            </param>
            <param index="1">
              <value>
                <![CDATA[f]]>
              </value>
            </param>
          </params>
          <reporter-output>
          </reporter-output>
        </test-method> <!-- selectGender -->
        <test-method status="PASS" signature="tearDown()[pri:0, instance:com.pageObjects.CreateNewAccount.test.CreateNewAccountTest@290d210d]" name="tearDown" is-config="true" duration-ms="729" started-at="2017-03-12T16:11:22Z" finished-at="2017-03-12T16:11:23Z">
          <reporter-output>
          </reporter-output>
        </test-method> <!-- tearDown -->
      </class> <!-- com.pageObjects.CreateNewAccount.test.CreateNewAccountTest -->
    </test> <!-- Create Account Validation -->
  </suite> <!-- Account suite -->
</testng-results>
